#
# A fatal error has been detected by the Java Runtime Environment:
#
#  SIGSEGV (0xb) at pc=0xb6b5ee48, pid=1768, tid=1769
#
# JRE version: OpenJDK Runtime Environment (9.0) (build 9-internal+0-2016-04-14-195526.buildd.src)
# Java VM: OpenJDK Client VM (9-internal+0-2016-04-14-195526.buildd.src, mixed mode, serial gc, linux-x86)
# Problematic frame:
# C  [libjava.so+0x18e48]  JNU_GetEnv+0x18
#
# Core dump will be written. Default location: Core dumps may be processed with "/usr/share/apport/apport %p %s %c %P" (or dumping to /home/yannis/lif6/tp/core.1768)
#
# If you would like to submit a bug report, please visit:
#   http://bugreport.java.com/bugreport/crash.jsp
# The crash happened outside the Java Virtual Machine in native code.
# See problematic frame for where to report the bug.
#

---------------  S U M M A R Y ------------

Command Line: PennSim.jar

Host: Intel(R) Core(TM) i3-5005U CPU @ 2.00GHz, 1 cores, 3G, Ubuntu 16.04 LTS
Time: Mon Jun 13 19:43:25 2016 CEST elapsed time: 10 seconds (0d 0h 0m 10s)

---------------  T H R E A D  ---------------

Current thread (0xb6a0ac00):  JavaThread "main" [_thread_in_native, id=1769, stack(0xb6b77000,0xb6bc8000)]

Stack: [0xb6b77000,0xb6bc8000],  sp=0xb6bc5cdc,  free space=315k
Native frames: (J=compiled Java code, j=interpreted, Vv=VM code, C=native code)
C  [libjava.so+0x18e48]  JNU_GetEnv+0x18
C  [libfontmanager.so+0x2faf5]
C  [libfreetype.so.6+0xf4dc]  FT_Stream_Seek+0x1c

Java frames: (J=compiled Java code, j=interpreted, Vv=VM code)
j  sun.font.FreetypeFontScaler.initNativeScaler(Lsun/font/Font2D;IIZI)J+0 java.desktop@9-internal
j  sun.font.FreetypeFontScaler.<init>(Lsun/font/Font2D;IZI)V+26 java.desktop@9-internal
v  ~StubRoutines::call_stub
j  sun.reflect.NativeConstructorAccessorImpl.newInstance0(Ljava/lang/reflect/Constructor;[Ljava/lang/Object;)Ljava/lang/Object;+0 java.base@9-internal
j  sun.reflect.NativeConstructorAccessorImpl.newInstance([Ljava/lang/Object;)Ljava/lang/Object;+85 java.base@9-internal
j  sun.reflect.DelegatingConstructorAccessorImpl.newInstance([Ljava/lang/Object;)Ljava/lang/Object;+5 java.base@9-internal
j  java.lang.reflect.Constructor.newInstance([Ljava/lang/Object;)Ljava/lang/Object;+65 java.base@9-internal
j  sun.font.FontScaler.getScaler(Lsun/font/Font2D;IZI)Lsun/font/FontScaler;+39 java.desktop@9-internal
j  sun.font.TrueTypeFont.getScaler()Lsun/font/FontScaler;+21 java.desktop@9-internal
j  sun.font.FileFontStrike.<init>(Lsun/font/FileFont;Lsun/font/FontStrikeDesc;)V+204 java.desktop@9-internal
j  sun.font.FileFont.createStrike(Lsun/font/FontStrikeDesc;)Lsun/font/FontStrike;+18 java.desktop@9-internal
j  sun.font.Font2D.getStrike(Lsun/font/FontStrikeDesc;Z)Lsun/font/FontStrike;+92 java.desktop@9-internal
j  sun.font.Font2D.getStrike(Lsun/font/FontStrikeDesc;)Lsun/font/FontStrike;+3 java.desktop@9-internal
j  sun.font.CompositeStrike.getStrikeForSlot(I)Lsun/font/PhysicalStrike;+23 java.desktop@9-internal
j  sun.font.CompositeStrike.getFontMetrics()Lsun/font/StrikeMetrics;+31 java.desktop@9-internal
j  sun.font.FontDesignMetrics.initMatrixAndMetrics()V+28 java.desktop@9-internal
j  sun.font.FontDesignMetrics.<init>(Ljava/awt/Font;Ljava/awt/font/FontRenderContext;)V+62 java.desktop@9-internal
j  sun.font.FontDesignMetrics.getMetrics(Ljava/awt/Font;Ljava/awt/font/FontRenderContext;)Lsun/font/FontDesignMetrics;+128 java.desktop@9-internal
j  sun.swing.SwingUtilities2.getFontMetrics(Ljavax/swing/JComponent;Ljava/awt/Font;)Ljava/awt/FontMetrics;+15 java.desktop@9-internal
j  javax.swing.JComponent.getFontMetrics(Ljava/awt/Font;)Ljava/awt/FontMetrics;+2 java.desktop@9-internal
j  javax.swing.plaf.basic.BasicLabelUI.getPreferredSize(Ljavax/swing/JComponent;)Ljava/awt/Dimension;+144 java.desktop@9-internal
j  javax.swing.JComponent.getPreferredSize()Ljava/awt/Dimension;+26 java.desktop@9-internal
j  javax.swing.plaf.basic.BasicListUI.updateLayoutState()V+162 java.desktop@9-internal
j  javax.swing.plaf.basic.BasicListUI.maybeUpdateLayoutState()V+8 java.desktop@9-internal
j  javax.swing.plaf.basic.BasicListUI$Handler.valueChanged(Ljavax/swing/event/ListSelectionEvent;)V+4 java.desktop@9-internal
j  javax.swing.DefaultListSelectionModel.fireValueChanged(IIZ)V+64 java.desktop@9-internal
j  javax.swing.DefaultListSelectionModel.fireValueChanged(II)V+7 java.desktop@9-internal
j  javax.swing.DefaultListSelectionModel.fireValueChanged()V+70 java.desktop@9-internal
j  javax.swing.DefaultListSelectionModel.changeSelection(IIIIZ)V+92 java.desktop@9-internal
j  javax.swing.DefaultListSelectionModel.changeSelection(IIII)V+7 java.desktop@9-internal
j  javax.swing.DefaultListSelectionModel.setSelectionInterval(II)V+59 java.desktop@9-internal
j  javax.swing.JList.setSelectedIndex(I)V+20 java.desktop@9-internal
j  javax.swing.plaf.basic.BasicComboPopup.setListSelection(I)V+20 java.desktop@9-internal
j  javax.swing.plaf.basic.BasicComboPopup.access$300(Ljavax/swing/plaf/basic/BasicComboPopup;I)V+2 java.desktop@9-internal
j  javax.swing.plaf.basic.BasicComboPopup$Handler.itemStateChanged(Ljava/awt/event/ItemEvent;)V+24 java.desktop@9-internal
j  javax.swing.JComboBox.fireItemStateChanged(Ljava/awt/event/ItemEvent;)V+34 java.desktop@9-internal
j  javax.swing.JComboBox.selectedItemChanged()V+64 java.desktop@9-internal
j  javax.swing.JComboBox.contentsChanged(Ljavax/swing/event/ListDataEvent;)V+28 java.desktop@9-internal
j  javax.swing.AbstractListModel.fireContentsChanged(Ljava/lang/Object;II)V+64 java.desktop@9-internal
j  javax.swing.plaf.metal.MetalFileChooserUI$FilterComboBoxModel.propertyChange(Ljava/beans/PropertyChangeEvent;)V+42 java.desktop@9-internal
j  java.beans.PropertyChangeSupport.fire([Ljava/beans/PropertyChangeListener;Ljava/beans/PropertyChangeEvent;)V+27 java.desktop@9-internal
j  java.beans.PropertyChangeSupport.firePropertyChange(Ljava/beans/PropertyChangeEvent;)V+71 java.desktop@9-internal
j  java.beans.PropertyChangeSupport.firePropertyChange(Ljava/lang/String;Ljava/lang/Object;Ljava/lang/Object;)V+31 java.desktop@9-internal
j  java.awt.Component.firePropertyChange(Ljava/lang/String;Ljava/lang/Object;Ljava/lang/Object;)V+55 java.desktop@9-internal
j  javax.swing.JFileChooser.setFileFilter(Ljavax/swing/filechooser/FileFilter;)V+171 java.desktop@9-internal
j  javax.swing.JFileChooser.addChoosableFileFilter(Ljavax/swing/filechooser/FileFilter;)V+59 java.desktop@9-internal
j  javax.swing.JFileChooser.updateUI()V+55 java.desktop@9-internal
j  javax.swing.JFileChooser.setup(Ljavax/swing/filechooser/FileSystemView;)V+22 java.desktop@9-internal
j  javax.swing.JFileChooser.<init>(Ljava/lang/String;Ljavax/swing/filechooser/FileSystemView;)V+123 java.desktop@9-internal
j  javax.swing.JFileChooser.<init>(Ljava/lang/String;)V+6 java.desktop@9-internal
j  GUI.<init>(LMachine;LCommandLine;)V+54
j  PennSim.main([Ljava/lang/String;)V+311
v  ~StubRoutines::call_stub

siginfo: si_signo: 11 (SIGSEGV), si_code: 1 (SEGV_MAPERR), si_addr: 0x00000000

Register to memory mapping:

EAX=0x00000000 is an unknown value
EBX=0xa3477000: <offset 0x000c4000> in /usr/lib/jvm/java-9-openjdk-i386/lib/i386/libfontmanager.so at 0xa33b3000
ECX=0x00010002 is an unknown value
EDX=0x00000000 is an unknown value
ESP=0xb6bc5cdc is pointing into the stack for thread: 0xb6a0ac00
EBP=0xb6bc5cf8 is pointing into the stack for thread: 0xb6a0ac00
ESI=0x00000000 is an unknown value
EDI=0x00000000 is an unknown value


Registers:
EAX=0x00000000, EBX=0xa3477000, ECX=0x00010002, EDX=0x00000000
ESP=0xb6bc5cdc, EBP=0xb6bc5cf8, ESI=0x00000000, EDI=0x00000000
EIP=0xb6b5ee48, EFLAGS=0x00010246, CR2=0x0000000000000000

Top of Stack: (sp=0xb6bc5cdc)
0xb6bc5cdc:   00000000 b6bc5d28 b77a5f10 a3364c9b
0xb6bc5cec:   bf7f4800 00000000 a385bc10 b6bc5d28
0xb6bc5cfc:   a33e2af5 00000000 00010002 b6a0003c
0xb6bc5d0c:   a38aa884 b77b5000 a385bec0 a32fc0b9
0xb6bc5d1c:   a38ab848 00000000 00000000 a38a9040
0xb6bc5d2c:   a32fd4dc a38ab848 00000000 00000000
0xb6bc5d3c:   00000000 b7763000 a339d000 a38ab848
0xb6bc5d4c:   a33112b8 a38ab848 00000000 00000001 

Instructions: (pc=0xb6b5ee48)
0xb6b5ee28:   ff eb f3 90 8d 74 26 00 55 89 e5 83 ec 1c 8b 45
0xb6b5ee38:   08 65 8b 15 14 00 00 00 89 55 f4 31 d2 8b 4d 0c
0xb6b5ee48:   8b 10 51 8d 4d f0 51 50 ff 52 18 8b 45 f0 8b 4d
0xb6b5ee58:   f4 65 33 0d 14 00 00 00 75 02 c9 c3 e8 c7 5b 00 


---------------  P R O C E S S  ---------------

Java Threads: ( => current thread )
  0xa3893c00 JavaThread "SeedGenerator Thread" daemon [_thread_blocked, id=1810, stack(0xa2f27000,0xa2f78000)]
  0xa29ebc00 JavaThread "SeedGenerator Thread" daemon [_thread_in_Java, id=1788, stack(0xa2ed6000,0xa2f27000)]
  0xa387f800 JavaThread "AWT-XAWT" daemon [_thread_in_native, id=1780, stack(0xa311a000,0xa316b000)]
  0xa386ac00 JavaThread "Java2D Disposer" daemon [_thread_blocked, id=1779, stack(0xa3172000,0xa31c3000)]
  0xb6ad3800 JavaThread "Service Thread" daemon [_thread_blocked, id=1777, stack(0xa39db000,0xa3a2c000)]
  0xb6a87c00 JavaThread "Common-Cleaner" daemon [_thread_blocked, id=1776, stack(0xa3a2c000,0xa3a7d000)]
  0xb6a75c00 JavaThread "Sweeper thread" daemon [_thread_blocked, id=1775, stack(0xa3c3e000,0xa3c8f000)]
  0xb6a74400 JavaThread "C1 CompilerThread0" daemon [_thread_blocked, id=1774, stack(0xa3c8f000,0xa3d10000)]
  0xb6a72c00 JavaThread "Signal Dispatcher" daemon [_thread_blocked, id=1773, stack(0xa3d10000,0xa3d61000)]
  0xb6a60400 JavaThread "Finalizer" daemon [_thread_blocked, id=1772, stack(0xa3faf000,0xa4000000)]
  0xb6a5ec00 JavaThread "Reference Handler" daemon [_thread_blocked, id=1771, stack(0xb4622000,0xb4673000)]
=>0xb6a0ac00 JavaThread "main" [_thread_in_native, id=1769, stack(0xb6b77000,0xb6bc8000)]

Other Threads:
  0xb6a59c00 VMThread [stack: 0xa4133000,0xa41b4000] [id=1770]
  0xb6ad5400 WatcherThread [stack: 0xa395a000,0xa39db000] [id=1778]

Threads with active compile tasks:

VM state:not at safepoint (normal execution)

VM Mutex/Monitor currently owned by a thread: None

Heap:
 def new generation   total 4928K, used 782K [0xa4600000, 0xa4b50000, 0xa9b50000)
  eden space 4416K,   6% used [0xa4600000, 0xa46438a0, 0xa4a50000)
  from space 512K, 100% used [0xa4ad0000, 0xa4b50000, 0xa4b50000)
  to   space 512K,   0% used [0xa4a50000, 0xa4a50000, 0xa4ad0000)
 tenured generation   total 10944K, used 3923K [0xa9b50000, 0xaa600000, 0xb4600000)
   the space 10944K,  35% used [0xa9b50000, 0xa9f24d50, 0xa9f24e00, 0xaa600000)
 Metaspace       used 9056K, capacity 9512K, committed 9624K, reserved 10544K

Card table byte_map: [0xb4724000,0xb47a5000] byte_map_base: 0xb4201000

Polling page: 0xb776d000

CodeCache: size=32768Kb used=1032Kb max_used=1032Kb free=31735Kb
 bounds [0xb4825000, 0xb492d000, 0xb6825000]
 total_blobs=555 nmethods=290 adapters=182
 compilation: enabled

Compilation events (10 events):
Event: 10,609 Thread 0xb6a74400  286   !         java.io.BufferedWriter::write (117 bytes)
Event: 10,610 Thread 0xb6a74400 nmethod 286 0xb49259c8 code [0xb4925b10, 0xb4925e40]
Event: 10,631 Thread 0xb6a74400  287             java.lang.StringLatin1::getChars (12 bytes)
Event: 10,631 Thread 0xb6a74400 nmethod 287 0xb4926148 code [0xb4926250, 0xb4926340]
Event: 10,631 Thread 0xb6a74400  288             java.lang.String::getChars (54 bytes)
Event: 10,631 Thread 0xb6a74400 nmethod 288 0xb4926548 code [0xb4926670, 0xb49267c8]
Event: 10,631 Thread 0xb6a74400  289             java.io.Writer::write (11 bytes)
Event: 10,631 Thread 0xb6a74400 nmethod 289 0xb4926908 code [0xb4926a10, 0xb4926acc]
Event: 10,670 Thread 0xb6a74400  290             java.lang.invoke.MethodHandle::type (5 bytes)
Event: 10,670 Thread 0xb6a74400 nmethod 290 0xb4926b88 code [0xb4926c80, 0xb4926d00]

GC Heap History (10 events):
Event: 0,540 GC heap before
{Heap before GC invocations=6 (full 0):
 def new generation   total 4928K, used 4426K [0xa4600000, 0xa4b50000, 0xa9b50000)
  eden space 4416K, 100% used [0xa4600000, 0xa4a50000, 0xa4a50000)
  from space 512K,   1% used [0xa4a50000, 0xa4a528d8, 0xa4ad0000)
  to   space 512K,   0% used [0xa4ad0000, 0xa4ad0000, 0xa4b50000)
 tenured generation   total 10944K, used 1120K [0xa9b50000, 0xaa600000, 0xb4600000)
   the space 10944K,  10% used [0xa9b50000, 0xa9c68320, 0xa9c68400, 0xaa600000)
 Metaspace       used 2599K, capacity 2630K, committed 2712K, reserved 4400K
}
Event: 0,541 GC heap after
{Heap after GC invocations=7 (full 0):
 def new generation   total 4928K, used 12K [0xa4600000, 0xa4b50000, 0xa9b50000)
  eden space 4416K,   0% used [0xa4600000, 0xa4600000, 0xa4a50000)
  from space 512K,   2% used [0xa4ad0000, 0xa4ad3050, 0xa4b50000)
  to   space 512K,   0% used [0xa4a50000, 0xa4a50000, 0xa4ad0000)
 tenured generation   total 10944K, used 1120K [0xa9b50000, 0xaa600000, 0xb4600000)
   the space 10944K,  10% used [0xa9b50000, 0xa9c68320, 0xa9c68400, 0xaa600000)
 Metaspace       used 2599K, capacity 2630K, committed 2712K, reserved 4400K
}
Event: 0,548 GC heap before
{Heap before GC invocations=7 (full 0):
 def new generation   total 4928K, used 4428K [0xa4600000, 0xa4b50000, 0xa9b50000)
  eden space 4416K, 100% used [0xa4600000, 0xa4a50000, 0xa4a50000)
  from space 512K,   2% used [0xa4ad0000, 0xa4ad3050, 0xa4b50000)
  to   space 512K,   0% used [0xa4a50000, 0xa4a50000, 0xa4ad0000)
 tenured generation   total 10944K, used 1120K [0xa9b50000, 0xaa600000, 0xb4600000)
   the space 10944K,  10% used [0xa9b50000, 0xa9c68320, 0xa9c68400, 0xaa600000)
 Metaspace       used 2599K, capacity 2630K, committed 2712K, reserved 4400K
}
Event: 0,549 GC heap after
{Heap after GC invocations=8 (full 0):
 def new generation   total 4928K, used 13K [0xa4600000, 0xa4b50000, 0xa9b50000)
  eden space 4416K,   0% used [0xa4600000, 0xa4600000, 0xa4a50000)
  from space 512K,   2% used [0xa4a50000, 0xa4a537a0, 0xa4ad0000)
  to   space 512K,   0% used [0xa4ad0000, 0xa4ad0000, 0xa4b50000)
 tenured generation   total 10944K, used 1120K [0xa9b50000, 0xaa600000, 0xb4600000)
   the space 10944K,  10% used [0xa9b50000, 0xa9c68320, 0xa9c68400, 0xaa600000)
 Metaspace       used 2599K, capacity 2630K, committed 2712K, reserved 4400K
}
Event: 0,555 GC heap before
{Heap before GC invocations=8 (full 0):
 def new generation   total 4928K, used 4429K [0xa4600000, 0xa4b50000, 0xa9b50000)
  eden space 4416K, 100% used [0xa4600000, 0xa4a50000, 0xa4a50000)
  from space 512K,   2% used [0xa4a50000, 0xa4a537a0, 0xa4ad0000)
  to   space 512K,   0% used [0xa4ad0000, 0xa4ad0000, 0xa4b50000)
 tenured generation   total 10944K, used 1120K [0xa9b50000, 0xaa600000, 0xb4600000)
   the space 10944K,  10% used [0xa9b50000, 0xa9c68320, 0xa9c68400, 0xaa600000)
 Metaspace       used 2599K, capacity 2630K, committed 2712K, reserved 4400K
}
Event: 0,556 GC heap after
{Heap after GC invocations=9 (full 0):
 def new generation   total 4928K, used 16K [0xa4600000, 0xa4b50000, 0xa9b50000)
  eden space 4416K,   0% used [0xa4600000, 0xa4600000, 0xa4a50000)
  from space 512K,   3% used [0xa4ad0000, 0xa4ad4048, 0xa4b50000)
  to   space 512K,   0% used [0xa4a50000, 0xa4a50000, 0xa4ad0000)
 tenured generation   total 10944K, used 1120K [0xa9b50000, 0xaa600000, 0xb4600000)
   the space 10944K,  10% used [0xa9b50000, 0xa9c68320, 0xa9c68400, 0xaa600000)
 Metaspace       used 2599K, capacity 2630K, committed 2712K, reserved 4400K
}
Event: 2,754 GC heap before
{Heap before GC invocations=9 (full 0):
 def new generation   total 4928K, used 4432K [0xa4600000, 0xa4b50000, 0xa9b50000)
  eden space 4416K, 100% used [0xa4600000, 0xa4a50000, 0xa4a50000)
  from space 512K,   3% used [0xa4ad0000, 0xa4ad4048, 0xa4b50000)
  to   space 512K,   0% used [0xa4a50000, 0xa4a50000, 0xa4ad0000)
 tenured generation   total 10944K, used 1120K [0xa9b50000, 0xaa600000, 0xb4600000)
   the space 10944K,  10% used [0xa9b50000, 0xa9c68320, 0xa9c68400, 0xaa600000)
 Metaspace       used 5399K, capacity 5607K, committed 5656K, reserved 6448K
}
Event: 2,776 GC heap after
{Heap after GC invocations=10 (full 0):
 def new generation   total 4928K, used 512K [0xa4600000, 0xa4b50000, 0xa9b50000)
  eden space 4416K,   0% used [0xa4600000, 0xa4600000, 0xa4a50000)
  from space 512K, 100% used [0xa4a50000, 0xa4ad0000, 0xa4ad0000)
  to   space 512K,   0% used [0xa4ad0000, 0xa4ad0000, 0xa4b50000)
 tenured generation   total 10944K, used 2638K [0xa9b50000, 0xaa600000, 0xb4600000)
   the space 10944K,  24% used [0xa9b50000, 0xa9de3a10, 0xa9de3c00, 0xaa600000)
 Metaspace       used 5399K, capacity 5607K, committed 5656K, reserved 6448K
}
Event: 10,613 GC heap before
{Heap before GC invocations=10 (full 0):
 def new generation   total 4928K, used 4928K [0xa4600000, 0xa4b50000, 0xa9b50000)
  eden space 4416K, 100% used [0xa4600000, 0xa4a50000, 0xa4a50000)
  from space 512K, 100% used [0xa4a50000, 0xa4ad0000, 0xa4ad0000)
  to   space 512K,   0% used [0xa4ad0000, 0xa4ad0000, 0xa4b50000)
 tenured generation   total 10944K, used 2638K [0xa9b50000, 0xaa600000, 0xb4600000)
   the space 10944K,  24% used [0xa9b50000, 0xa9de3a10, 0xa9de3c00, 0xaa600000)
 Metaspace       used 8961K, capacity 9406K, committed 9496K, reserved 9520K
}
Event: 10,626 GC heap after
{Heap after GC invocations=11 (full 0):
 def new generation   total 4928K, used 512K [0xa4600000, 0xa4b50000, 0xa9b50000)
  eden space 4416K,   0% used [0xa4600000, 0xa4600000, 0xa4a50000)
  from space 512K, 100% used [0xa4ad0000, 0xa4b50000, 0xa4b50000)
  to   space 512K,   0% used [0xa4a50000, 0xa4a50000, 0xa4ad0000)
 tenured generation   total 10944K, used 3923K [0xa9b50000, 0xaa600000, 0xb4600000)
   the space 10944K,  35% used [0xa9b50000, 0xa9f24d50, 0xa9f24e00, 0xaa600000)
 Metaspace       used 8961K, capacity 9406K, committed 9496K, reserved 9520K
}

Deoptimization events (0 events):
No events

Classes redefined (0 events):
No events

Internal exceptions (5 events):
Event: 1,084 Thread 0xb6a0ac00 Exception <a 'java/lang/ClassNotFoundException': sun/awt/resources/awtProvider> (0xa493a9d0) thrown at [/build/openjdk-9-GMfJKp/openjdk-9-9~b114/src/hotspot/src/share/vm/classfile/systemDictionary.cpp, line 224]
Event: 1,256 Thread 0xb6a0ac00 Exception <a 'java/io/FileNotFoundException'> (0xa4977d10) thrown at [/build/openjdk-9-GMfJKp/openjdk-9-9~b114/src/hotspot/src/share/vm/prims/jni.cpp, line 605]
Event: 1,261 Thread 0xb6a0ac00 Exception <a 'java/io/FileNotFoundException'> (0xa497f4a8) thrown at [/build/openjdk-9-GMfJKp/openjdk-9-9~b114/src/hotspot/src/share/vm/prims/jni.cpp, line 605]
Event: 3,113 Thread 0xb6a0ac00 Exception <a 'java/lang/ClassNotFoundException': com/sun/swing/internal/plaf/metal/resources/metalProvider> (0xa46d3ce8) thrown at [/build/openjdk-9-GMfJKp/openjdk-9-9~b114/src/hotspot/src/share/vm/classfile/systemDictionary.cpp, line 224]
Event: 3,132 Thread 0xb6a0ac00 Exception <a 'java/lang/ClassNotFoundException': com/sun/swing/internal/plaf/basic/resources/basicProvider> (0xa46d7a60) thrown at [/build/openjdk-9-GMfJKp/openjdk-9-9~b114/src/hotspot/src/share/vm/classfile/systemDictionary.cpp, line 224]

Events (10 events):
Event: 10,699 loading class sun/nio/cs/UnicodeDecoder
Event: 10,707 loading class sun/nio/cs/UnicodeDecoder done
Event: 10,707 loading class sun/nio/cs/UTF_16$Decoder done
Event: 10,708 loading class sun/font/FileFontStrike
Event: 10,708 Thread 0xa3893c00 Thread added: 0xa3893c00
Event: 10,711 loading class sun/font/FileFontStrike done
Event: 10,711 loading class sun/font/FontScaler
Event: 10,712 loading class sun/font/FontScaler done
Event: 10,712 loading class sun/font/FreetypeFontScaler
Event: 10,712 loading class sun/font/FreetypeFontScaler done


Dynamic libraries:
08048000-08049000 r-xp 00000000 08:01 414654     /usr/lib/jvm/java-9-openjdk-i386/bin/java
08049000-0804a000 r--p 00000000 08:01 414654     /usr/lib/jvm/java-9-openjdk-i386/bin/java
0804a000-0804b000 rw-p 00001000 08:01 414654     /usr/lib/jvm/java-9-openjdk-i386/bin/java
0823c000-083c7000 rw-p 00000000 00:00 0          [heap]
a2500000-a2520000 rw-p 00000000 00:00 0 
a2520000-a2600000 ---p 00000000 00:00 0 
a2600000-a2624000 rw-p 00000000 00:00 0 
a2624000-a2700000 ---p 00000000 00:00 0 
a27af000-a27b3000 ---p 00000000 00:00 0 
a27b3000-a2800000 rw-p 00000000 00:00 0 
a2800000-a29fe000 rw-p 00000000 00:00 0 
a29fe000-a2a00000 ---p 00000000 00:00 0 
a2a00000-a2b00000 rw-p 00000000 00:00 0 
a2b0d000-a2b15000 r--s 00000000 08:01 286071     /var/cache/fontconfig/945677eb7aeaf62f1d50efc3fb3ec7d8-le32d4.cache-6
a2b15000-a2b19000 r--s 00000000 08:01 286053     /var/cache/fontconfig/2cd17615ca594fa2959ae173292e504c-le32d4.cache-6
a2b19000-a2b28000 r--s 00000000 08:01 286047     /var/cache/fontconfig/04aabc0a78ac019cf9454389977116d2-le32d4.cache-6
a2b28000-a2b2b000 r--s 00000000 08:01 286057     /var/cache/fontconfig/385c0604a188198f04d133e54aba7fe7-le32d4.cache-6
a2b2b000-a2b47000 r--s 00000000 08:01 286048     /var/cache/fontconfig/0bd3dc0958fa2205aaaa8ebb13e2872b-le32d4.cache-6
a2b47000-a2b4b000 r--s 00000000 08:01 286070     /var/cache/fontconfig/8801497958630a81b71ace7c5f9b32a8-le32d4.cache-6
a2b4b000-a2b50000 r--s 00000000 08:01 286054     /var/cache/fontconfig/3047814df9a2f067bd2d96a2b9c36e5a-le32d4.cache-6
a2b50000-a2b60000 r--s 00000000 08:01 286081     /var/cache/fontconfig/d52a8644073d54c13679302ca1180695-le32d4.cache-6
a2b60000-a2b69000 r--s 00000000 08:01 286079     /var/cache/fontconfig/d589a48862398ed80a3d6066f4f56f4c-le32d4.cache-6
a2b69000-a2b71000 r--s 00000000 08:01 286069     /var/cache/fontconfig/83bf95040141907cd45bb53cf7c1c148-le32d4.cache-6
a2b92000-a2b96000 ---p 00000000 00:00 0 
a2b96000-a2ce3000 rw-p 00000000 00:00 0 
a2ce3000-a2de3000 rw-p 00000000 00:00 0 
a2de3000-a2de7000 ---p 00000000 00:00 0 
a2de7000-a2e34000 rw-p 00000000 00:00 0 
a2e34000-a2e38000 ---p 00000000 00:00 0 
a2e38000-a2e85000 rw-p 00000000 00:00 0 
a2e85000-a2e89000 ---p 00000000 00:00 0 
a2e89000-a2ed6000 rw-p 00000000 00:00 0 
a2ed6000-a2eda000 ---p 00000000 00:00 0 
a2eda000-a2f27000 rw-p 00000000 00:00 0 
a2f27000-a2f2b000 ---p 00000000 00:00 0 
a2f2b000-a3078000 rw-p 00000000 00:00 0 
a3078000-a307c000 ---p 00000000 00:00 0 
a307c000-a30c9000 rw-p 00000000 00:00 0 
a30c9000-a30cd000 ---p 00000000 00:00 0 
a30cd000-a311a000 rw-p 00000000 00:00 0 
a311a000-a311e000 ---p 00000000 00:00 0 
a311e000-a316b000 rw-p 00000000 00:00 0 
a316b000-a3170000 r-xp 00000000 08:01 398251     /usr/lib/i386-linux-gnu/libXfixes.so.3.1.0
a3170000-a3171000 r--p 00004000 08:01 398251     /usr/lib/i386-linux-gnu/libXfixes.so.3.1.0
a3171000-a3172000 rw-p 00005000 08:01 398251     /usr/lib/i386-linux-gnu/libXfixes.so.3.1.0
a3172000-a3176000 ---p 00000000 00:00 0 
a3176000-a32c3000 rw-p 00000000 00:00 0 
a32c3000-a32ec000 r-xp 00000000 08:01 263625     /lib/i386-linux-gnu/libpng12.so.0.54.0
a32ec000-a32ed000 r--p 00028000 08:01 263625     /lib/i386-linux-gnu/libpng12.so.0.54.0
a32ed000-a32ee000 rw-p 00029000 08:01 263625     /lib/i386-linux-gnu/libpng12.so.0.54.0
a32ee000-a3399000 r-xp 00000000 08:01 398638     /usr/lib/i386-linux-gnu/libfreetype.so.6.12.1
a3399000-a339d000 r--p 000aa000 08:01 398638     /usr/lib/i386-linux-gnu/libfreetype.so.6.12.1
a339d000-a339e000 rw-p 000ae000 08:01 398638     /usr/lib/i386-linux-gnu/libfreetype.so.6.12.1
a339e000-a339f000 r--s 00000000 08:01 286050     /var/cache/fontconfig/0d8c3b2ac0904cb8a57a757ad11a4a08-le32d4.cache-6
a339f000-a33a0000 r--s 00000000 08:01 286052     /var/cache/fontconfig/1ac9eb803944fde146138c791f5cc56a-le32d4.cache-6
a33a0000-a33a1000 r--s 00000000 08:01 286084     /var/cache/fontconfig/dc05db6664285cc2f12bf69c139ae4c3-le32d4.cache-6
a33a1000-a33a5000 r--s 00000000 08:01 286075     /var/cache/fontconfig/b47c4e1ecd0709278f4910c18777a504-le32d4.cache-6
a33a5000-a33b3000 r--s 00000000 08:01 267877     /var/cache/fontconfig/9b89f8e3dae116d678bbf48e5f21f69b-le32d4.cache-6
a33b3000-a3475000 r-xp 00000000 08:01 415235     /usr/lib/jvm/java-9-openjdk-i386/lib/i386/libfontmanager.so
a3475000-a3477000 r--p 000c1000 08:01 415235     /usr/lib/jvm/java-9-openjdk-i386/lib/i386/libfontmanager.so
a3477000-a3478000 rw-p 000c3000 08:01 415235     /usr/lib/jvm/java-9-openjdk-i386/lib/i386/libfontmanager.so
a3478000-a3578000 rw-p 00000000 00:00 0 
a3578000-a359e000 r--p 00000000 08:01 669267     /usr/share/locale-langpack/fr/LC_MESSAGES/libc.mo
a359e000-a35a3000 r-xp 00000000 08:01 398247     /usr/lib/i386-linux-gnu/libXdmcp.so.6.0.0
a35a3000-a35a4000 r--p 00004000 08:01 398247     /usr/lib/i386-linux-gnu/libXdmcp.so.6.0.0
a35a4000-a35a5000 rw-p 00005000 08:01 398247     /usr/lib/i386-linux-gnu/libXdmcp.so.6.0.0
a35a5000-a35c9000 r-xp 00000000 08:01 399449     /usr/lib/i386-linux-gnu/libxcb.so.1.1.0
a35c9000-a35ca000 r--p 00023000 08:01 399449     /usr/lib/i386-linux-gnu/libxcb.so.1.1.0
a35ca000-a35cb000 rw-p 00024000 08:01 399449     /usr/lib/i386-linux-gnu/libxcb.so.1.1.0
a35cb000-a35dc000 r-xp 00000000 08:01 398257     /usr/lib/i386-linux-gnu/libXi.so.6.1.0
a35dc000-a35dd000 r--p 00010000 08:01 398257     /usr/lib/i386-linux-gnu/libXi.so.6.1.0
a35dd000-a35de000 rw-p 00011000 08:01 398257     /usr/lib/i386-linux-gnu/libXi.so.6.1.0
a35de000-a3724000 r-xp 00000000 08:01 398232     /usr/lib/i386-linux-gnu/libX11.so.6.3.0
a3724000-a3725000 ---p 00146000 08:01 398232     /usr/lib/i386-linux-gnu/libX11.so.6.3.0
a3725000-a3726000 r--p 00146000 08:01 398232     /usr/lib/i386-linux-gnu/libX11.so.6.3.0
a3726000-a3728000 rw-p 00147000 08:01 398232     /usr/lib/i386-linux-gnu/libX11.so.6.3.0
a3728000-a3729000 rw-p 00000000 00:00 0 
a3729000-a373c000 r-xp 00000000 08:01 398249     /usr/lib/i386-linux-gnu/libXext.so.6.4.0
a373c000-a373d000 r--p 00012000 08:01 398249     /usr/lib/i386-linux-gnu/libXext.so.6.4.0
a373d000-a373e000 rw-p 00013000 08:01 398249     /usr/lib/i386-linux-gnu/libXext.so.6.4.0
a373e000-a37d4000 r-xp 00000000 08:01 415224     /usr/lib/jvm/java-9-openjdk-i386/lib/i386/libawt.so
a37d4000-a37d5000 r--p 00095000 08:01 415224     /usr/lib/jvm/java-9-openjdk-i386/lib/i386/libawt.so
a37d5000-a37dc000 rw-p 00096000 08:01 415224     /usr/lib/jvm/java-9-openjdk-i386/lib/i386/libawt.so
a37dc000-a3800000 rw-p 00000000 00:00 0 
a3800000-a3900000 rw-p 00000000 00:00 0 
a3900000-a3902000 r--s 00000000 08:01 286067     /var/cache/fontconfig/767a8244fc0220cfb567a839d0392e0b-le32d4.cache-6
a3902000-a3956000 r-xp 00000000 08:01 415422     /usr/lib/jvm/java-9-openjdk-i386/lib/i386/libawt_xawt.so
a3956000-a3957000 r--p 00053000 08:01 415422     /usr/lib/jvm/java-9-openjdk-i386/lib/i386/libawt_xawt.so
a3957000-a3959000 rw-p 00054000 08:01 415422     /usr/lib/jvm/java-9-openjdk-i386/lib/i386/libawt_xawt.so
a3959000-a395a000 rw-p 00000000 00:00 0 
a395a000-a395b000 ---p 00000000 00:00 0 
a395b000-a39db000 rw-p 00000000 00:00 0 
a39db000-a39df000 ---p 00000000 00:00 0 
a39df000-a3a2c000 rw-p 00000000 00:00 0 
a3a2c000-a3a30000 ---p 00000000 00:00 0 
a3a30000-a3c3e000 rw-p 00000000 00:00 0 
a3c3e000-a3c42000 ---p 00000000 00:00 0 
a3c42000-a3c8f000 rw-p 00000000 00:00 0 
a3c8f000-a3c93000 ---p 00000000 00:00 0 
a3c93000-a3d10000 rw-p 00000000 00:00 0 
a3d10000-a3d14000 ---p 00000000 00:00 0 
a3d14000-a3d61000 rw-p 00000000 00:00 0 
a3d61000-a3daf000 r--p 00295000 08:01 401157     /usr/lib/locale/locale-archive
a3daf000-a3faf000 r--p 00000000 08:01 401157     /usr/lib/locale/locale-archive
a3faf000-a3fb3000 ---p 00000000 00:00 0 
a3fb3000-a4000000 rw-p 00000000 00:00 0 
a4000000-a4021000 rw-p 00000000 00:00 0 
a4021000-a4100000 ---p 00000000 00:00 0 
a4100000-a4105000 r-xp 00000000 08:01 398275     /usr/lib/i386-linux-gnu/libXtst.so.6.1.0
a4105000-a4106000 r--p 00004000 08:01 398275     /usr/lib/i386-linux-gnu/libXtst.so.6.1.0
a4106000-a4107000 rw-p 00005000 08:01 398275     /usr/lib/i386-linux-gnu/libXtst.so.6.1.0
a4107000-a4108000 r--s 00000000 08:01 271055     /var/cache/fontconfig/4794a0821666d79190d59a36cb4f44b5-le32d4.cache-6
a4108000-a4109000 r--s 00000000 08:01 286077     /var/cache/fontconfig/bab58bb527bb656aaa9f116d68a48d89-le32d4.cache-6
a4109000-a410a000 r--s 00000000 08:01 286061     /var/cache/fontconfig/56cf4f4769d0f4abc89a4895d7bd3ae1-le32d4.cache-6
a410a000-a4113000 r-xp 00000000 08:01 398243     /usr/lib/i386-linux-gnu/libXcursor.so.1.0.2
a4113000-a4114000 r--p 00008000 08:01 398243     /usr/lib/i386-linux-gnu/libXcursor.so.1.0.2
a4114000-a4115000 rw-p 00009000 08:01 398243     /usr/lib/i386-linux-gnu/libXcursor.so.1.0.2
a4115000-a411c000 r--s 00000000 08:01 399965     /usr/lib/i386-linux-gnu/gconv/gconv-modules.cache
a411c000-a4131000 r-xp 00000000 08:01 415392     /usr/lib/jvm/java-9-openjdk-i386/lib/i386/libnet.so
a4131000-a4132000 r--p 00014000 08:01 415392     /usr/lib/jvm/java-9-openjdk-i386/lib/i386/libnet.so
a4132000-a4133000 rw-p 00015000 08:01 415392     /usr/lib/jvm/java-9-openjdk-i386/lib/i386/libnet.so
a4133000-a4134000 ---p 00000000 00:00 0 
a4134000-a45fa000 rw-p 00000000 00:00 0 
a45fa000-a4600000 ---p 00000000 00:00 0 
a4600000-a4b50000 rw-p 00000000 00:00 0 
a4b50000-a9b50000 ---p 00000000 00:00 0 
a9b50000-aa600000 rw-p 00000000 00:00 0 
aa600000-b4600000 ---p 00000000 00:00 0 
b4600000-b4601000 r--s 00000000 08:01 286076     /var/cache/fontconfig/b9d506c9ac06c20b433354fa67a72993-le32d4.cache-6
b4601000-b4602000 r--s 00000000 08:01 286060     /var/cache/fontconfig/551ecf3b0e8b0bca0f25c0944f561853-le32d4.cache-6
b4602000-b4603000 r--s 00000000 08:01 286055     /var/cache/fontconfig/30829fa25452a46451e813d634d7f916-le32d4.cache-6
b4603000-b460d000 r-xp 00000000 08:01 398269     /usr/lib/i386-linux-gnu/libXrender.so.1.3.0
b460d000-b460e000 r--p 00009000 08:01 398269     /usr/lib/i386-linux-gnu/libXrender.so.1.3.0
b460e000-b460f000 rw-p 0000a000 08:01 398269     /usr/lib/i386-linux-gnu/libXrender.so.1.3.0
b460f000-b4620000 r-xp 00000000 08:01 415423     /usr/lib/jvm/java-9-openjdk-i386/lib/i386/libnio.so
b4620000-b4621000 r--p 00010000 08:01 415423     /usr/lib/jvm/java-9-openjdk-i386/lib/i386/libnio.so
b4621000-b4622000 rw-p 00011000 08:01 415423     /usr/lib/jvm/java-9-openjdk-i386/lib/i386/libnio.so
b4622000-b4626000 ---p 00000000 00:00 0 
b4626000-b46d4000 rw-p 00000000 00:00 0 
b46d4000-b4724000 ---p 00000000 00:00 0 
b4724000-b4727000 rw-p 00000000 00:00 0 
b4727000-b474e000 ---p 00000000 00:00 0 
b474e000-b4754000 rw-p 00000000 00:00 0 
b4754000-b47a4000 ---p 00000000 00:00 0 
b47a4000-b47aa000 rw-p 00000000 00:00 0 
b47aa000-b4825000 ---p 00000000 00:00 0 
b4825000-b492d000 rwxp 00000000 00:00 0 
b492d000-b6825000 ---p 00000000 00:00 0 
b6825000-b69e0000 r--s 00000000 08:01 414668     /usr/lib/jvm/java-9-openjdk-i386/lib/modules
b69e0000-b69eb000 r-xp 00000000 08:01 263583     /lib/i386-linux-gnu/libnss_files-2.23.so
b69eb000-b69ec000 r--p 0000a000 08:01 263583     /lib/i386-linux-gnu/libnss_files-2.23.so
b69ec000-b69ed000 rw-p 0000b000 08:01 263583     /lib/i386-linux-gnu/libnss_files-2.23.so
b69ed000-b69f3000 rw-p 00000000 00:00 0 
b69f3000-b69fe000 r-xp 00000000 08:01 263593     /lib/i386-linux-gnu/libnss_nis-2.23.so
b69fe000-b69ff000 r--p 0000a000 08:01 263593     /lib/i386-linux-gnu/libnss_nis-2.23.so
b69ff000-b6a00000 rw-p 0000b000 08:01 263593     /lib/i386-linux-gnu/libnss_nis-2.23.so
b6a00000-b6b00000 rw-p 00000000 00:00 0 
b6b00000-b6b03000 r--s 00000000 08:01 286066     /var/cache/fontconfig/75114ca45c98e8a441da0ff356701271-le32d4.cache-6
b6b03000-b6b05000 r--s 00000000 08:01 286889     /var/cache/fontconfig/e13b20fdb08344e0e664864cc2ede53d-le32d4.cache-6
b6b05000-b6b0a000 r-xp 00000000 08:01 415406     /usr/lib/jvm/java-9-openjdk-i386/lib/i386/libjimage.so
b6b0a000-b6b0b000 r--p 00004000 08:01 415406     /usr/lib/jvm/java-9-openjdk-i386/lib/i386/libjimage.so
b6b0b000-b6b0c000 rw-p 00005000 08:01 415406     /usr/lib/jvm/java-9-openjdk-i386/lib/i386/libjimage.so
b6b0c000-b6b23000 r-xp 00000000 08:01 263577     /lib/i386-linux-gnu/libnsl-2.23.so
b6b23000-b6b24000 r--p 00016000 08:01 263577     /lib/i386-linux-gnu/libnsl-2.23.so
b6b24000-b6b25000 rw-p 00017000 08:01 263577     /lib/i386-linux-gnu/libnsl-2.23.so
b6b25000-b6b27000 rw-p 00000000 00:00 0 
b6b27000-b6b2f000 r-xp 00000000 08:01 263579     /lib/i386-linux-gnu/libnss_compat-2.23.so
b6b2f000-b6b30000 r--p 00007000 08:01 263579     /lib/i386-linux-gnu/libnss_compat-2.23.so
b6b30000-b6b31000 rw-p 00008000 08:01 263579     /lib/i386-linux-gnu/libnss_compat-2.23.so
b6b31000-b6b32000 r--s 00000000 08:01 286049     /var/cache/fontconfig/0c9eb80ebd1c36541ebe2852d3bb0c49-le32d4.cache-6
b6b32000-b6b35000 r--s 00000000 08:01 267882     /var/cache/fontconfig/7ef2298fde41cc6eeb7af42e48b7d293-le32d4.cache-6
b6b35000-b6b3c000 r-xp 00000000 08:01 415402     /usr/lib/jvm/java-9-openjdk-i386/lib/i386/libzip.so
b6b3c000-b6b3d000 r--p 00006000 08:01 415402     /usr/lib/jvm/java-9-openjdk-i386/lib/i386/libzip.so
b6b3d000-b6b3e000 rw-p 00007000 08:01 415402     /usr/lib/jvm/java-9-openjdk-i386/lib/i386/libzip.so
b6b3e000-b6b46000 rw-s 00000000 08:01 39108      /tmp/hsperfdata_yannis/1768
b6b46000-b6b6c000 r-xp 00000000 08:01 414694     /usr/lib/jvm/java-9-openjdk-i386/lib/i386/libjava.so
b6b6c000-b6b6d000 r--p 00025000 08:01 414694     /usr/lib/jvm/java-9-openjdk-i386/lib/i386/libjava.so
b6b6d000-b6b6e000 rw-p 00026000 08:01 414694     /usr/lib/jvm/java-9-openjdk-i386/lib/i386/libjava.so
b6b6e000-b6b75000 r-xp 00000000 08:01 263638     /lib/i386-linux-gnu/librt-2.23.so
b6b75000-b6b76000 r--p 00006000 08:01 263638     /lib/i386-linux-gnu/librt-2.23.so
b6b76000-b6b77000 rw-p 00007000 08:01 263638     /lib/i386-linux-gnu/librt-2.23.so
b6b77000-b6b7b000 ---p 00000000 00:00 0 
b6b7b000-b6bc8000 rw-p 00000000 00:00 0 
b6bc8000-b6be4000 r-xp 00000000 08:01 263524     /lib/i386-linux-gnu/libgcc_s.so.1
b6be4000-b6be5000 rw-p 0001b000 08:01 263524     /lib/i386-linux-gnu/libgcc_s.so.1
b6be5000-b6c38000 r-xp 00000000 08:01 263556     /lib/i386-linux-gnu/libm-2.23.so
b6c38000-b6c39000 r--p 00052000 08:01 263556     /lib/i386-linux-gnu/libm-2.23.so
b6c39000-b6c3a000 rw-p 00053000 08:01 263556     /lib/i386-linux-gnu/libm-2.23.so
b6c3a000-b6da7000 r-xp 00000000 08:01 395353     /usr/lib/i386-linux-gnu/libstdc++.so.6.0.21
b6da7000-b6da8000 ---p 0016d000 08:01 395353     /usr/lib/i386-linux-gnu/libstdc++.so.6.0.21
b6da8000-b6dad000 r--p 0016d000 08:01 395353     /usr/lib/i386-linux-gnu/libstdc++.so.6.0.21
b6dad000-b6dae000 rw-p 00172000 08:01 395353     /usr/lib/i386-linux-gnu/libstdc++.so.6.0.21
b6dae000-b6db1000 rw-p 00000000 00:00 0 
b6db1000-b752c000 r-xp 00000000 08:01 415409     /usr/lib/jvm/java-9-openjdk-i386/lib/i386/client/libjvm.so
b752c000-b752d000 ---p 0077b000 08:01 415409     /usr/lib/jvm/java-9-openjdk-i386/lib/i386/client/libjvm.so
b752d000-b7538000 r--p 0077b000 08:01 415409     /usr/lib/jvm/java-9-openjdk-i386/lib/i386/client/libjvm.so
b7538000-b7550000 rw-p 00786000 08:01 415409     /usr/lib/jvm/java-9-openjdk-i386/lib/i386/client/libjvm.so
b7550000-b7574000 rw-p 00000000 00:00 0 
b7574000-b758d000 r-xp 00000000 08:01 263630     /lib/i386-linux-gnu/libpthread-2.23.so
b758d000-b758e000 r--p 00018000 08:01 263630     /lib/i386-linux-gnu/libpthread-2.23.so
b758e000-b758f000 rw-p 00019000 08:01 263630     /lib/i386-linux-gnu/libpthread-2.23.so
b758f000-b7591000 rw-p 00000000 00:00 0 
b7591000-b7594000 r-xp 00000000 08:01 263510     /lib/i386-linux-gnu/libdl-2.23.so
b7594000-b7595000 r--p 00002000 08:01 263510     /lib/i386-linux-gnu/libdl-2.23.so
b7595000-b7596000 rw-p 00003000 08:01 263510     /lib/i386-linux-gnu/libdl-2.23.so
b7596000-b75af000 r-xp 00000000 08:01 263675     /lib/i386-linux-gnu/libz.so.1.2.8
b75af000-b75b0000 r--p 00018000 08:01 263675     /lib/i386-linux-gnu/libz.so.1.2.8
b75b0000-b75b1000 rw-p 00019000 08:01 263675     /lib/i386-linux-gnu/libz.so.1.2.8
b75b1000-b7760000 r-xp 00000000 08:01 263486     /lib/i386-linux-gnu/libc-2.23.so
b7760000-b7761000 ---p 001af000 08:01 263486     /lib/i386-linux-gnu/libc-2.23.so
b7761000-b7763000 r--p 001af000 08:01 263486     /lib/i386-linux-gnu/libc-2.23.so
b7763000-b7764000 rw-p 001b1000 08:01 263486     /lib/i386-linux-gnu/libc-2.23.so
b7764000-b7767000 rw-p 00000000 00:00 0 
b7767000-b7769000 r-xp 00000000 08:01 398236     /usr/lib/i386-linux-gnu/libXau.so.6.0.0
b7769000-b776a000 r--p 00001000 08:01 398236     /usr/lib/i386-linux-gnu/libXau.so.6.0.0
b776a000-b776b000 rw-p 00002000 08:01 398236     /usr/lib/i386-linux-gnu/libXau.so.6.0.0
b776b000-b776c000 r--p 00a26000 08:01 401157     /usr/lib/locale/locale-archive
b776c000-b776d000 rw-p 00000000 00:00 0 
b776d000-b776e000 r--p 00000000 00:00 0 
b776e000-b7779000 r-xp 00000000 08:01 414695     /usr/lib/jvm/java-9-openjdk-i386/lib/i386/libverify.so
b7779000-b777a000 ---p 0000b000 08:01 414695     /usr/lib/jvm/java-9-openjdk-i386/lib/i386/libverify.so
b777a000-b777b000 r--p 0000b000 08:01 414695     /usr/lib/jvm/java-9-openjdk-i386/lib/i386/libverify.so
b777b000-b777c000 rw-p 0000c000 08:01 414695     /usr/lib/jvm/java-9-openjdk-i386/lib/i386/libverify.so
b777c000-b778a000 r-xp 00000000 08:01 415420     /usr/lib/jvm/java-9-openjdk-i386/lib/i386/jli/libjli.so
b778a000-b778b000 r--p 0000d000 08:01 415420     /usr/lib/jvm/java-9-openjdk-i386/lib/i386/jli/libjli.so
b778b000-b778c000 rw-p 0000e000 08:01 415420     /usr/lib/jvm/java-9-openjdk-i386/lib/i386/jli/libjli.so
b778c000-b778e000 rw-p 00000000 00:00 0 
b778e000-b7790000 r--p 00000000 00:00 0          [vvar]
b7790000-b7791000 r-xp 00000000 00:00 0          [vdso]
b7791000-b77b3000 r-xp 00000000 08:01 263458     /lib/i386-linux-gnu/ld-2.23.so
b77b3000-b77b4000 rw-p 00000000 00:00 0 
b77b4000-b77b5000 r--p 00022000 08:01 263458     /lib/i386-linux-gnu/ld-2.23.so
b77b5000-b77b6000 rw-p 00023000 08:01 263458     /lib/i386-linux-gnu/ld-2.23.so
bfc17000-bfc18000 rwxp 00000000 00:00 0 
bfc4b000-bfc6c000 rw-p 00000000 00:00 0          [stack]

VM Arguments:
java_command: PennSim.jar
java_class_path (initial): PennSim.jar
Launcher Type: SUN_STANDARD

Environment Variables:
PATH=/usr/local/sbin:/usr/local/bin:/usr/sbin:/usr/bin:/sbin:/bin:/usr/games:/usr/local/games:/snap/bin:/home/yannis/.vimpkg/bin:/home/yannis/.vimpkg/bin
SHELL=/bin/bash
DISPLAY=:0.0

Signal Handlers:
SIGSEGV: [libjvm.so+0x5f7500], sa_mask[0]=11111111011111111101111111111110, sa_flags=SA_RESTART|SA_SIGINFO
SIGBUS: [libjvm.so+0x5f7500], sa_mask[0]=11111111011111111101111111111110, sa_flags=SA_RESTART|SA_SIGINFO
SIGFPE: [libjvm.so+0x5f7500], sa_mask[0]=11111111011111111101111111111110, sa_flags=SA_RESTART|SA_SIGINFO
SIGPIPE: [libjvm.so+0x4be870], sa_mask[0]=11111111011111111101111111111110, sa_flags=SA_RESTART|SA_SIGINFO
SIGXFSZ: [libjvm.so+0x4be870], sa_mask[0]=11111111011111111101111111111110, sa_flags=SA_RESTART|SA_SIGINFO
SIGILL: [libjvm.so+0x5f7500], sa_mask[0]=11111111011111111101111111111110, sa_flags=SA_RESTART|SA_SIGINFO
SIGUSR2: [libjvm.so+0x4be6a0], sa_mask[0]=00000000000000000000000000000000, sa_flags=SA_RESTART|SA_SIGINFO
SIGHUP: [libjvm.so+0x4beae0], sa_mask[0]=11111111011111111101111111111110, sa_flags=SA_RESTART|SA_SIGINFO
SIGINT: [libjvm.so+0x4beae0], sa_mask[0]=11111111011111111101111111111110, sa_flags=SA_RESTART|SA_SIGINFO
SIGTERM: [libjvm.so+0x4beae0], sa_mask[0]=11111111011111111101111111111110, sa_flags=SA_RESTART|SA_SIGINFO
SIGQUIT: [libjvm.so+0x4beae0], sa_mask[0]=11111111011111111101111111111110, sa_flags=SA_RESTART|SA_SIGINFO


---------------  S Y S T E M  ---------------

OS:DISTRIB_ID=Ubuntu
DISTRIB_RELEASE=16.04
DISTRIB_CODENAME=xenial
DISTRIB_DESCRIPTION="Ubuntu 16.04 LTS"
uname:Linux 4.4.0-24-generic #43-Ubuntu SMP Wed Jun 8 19:25:16 UTC 2016 i686
libc:glibc 2.23 NPTL 2.23 
rlimit: STACK 8192k, CORE 0k, NPROC 29123, NOFILE 65536, AS infinity
load average:0,46 0,35 0,31

/proc/meminfo:
MemTotal:        3763344 kB
MemFree:         2662340 kB
MemAvailable:    2947016 kB
Buffers:           33064 kB
Cached:           433288 kB
SwapCached:            0 kB
Active:           796384 kB
Inactive:         252692 kB
Active(anon):     583584 kB
Inactive(anon):    12992 kB
Active(file):     212800 kB
Inactive(file):   239700 kB
Unevictable:          32 kB
Mlocked:              32 kB
HighTotal:       2905032 kB
HighFree:        2023084 kB
LowTotal:         858312 kB
LowFree:          639256 kB
SwapTotal:       3123196 kB
SwapFree:        3123196 kB
Dirty:                40 kB
Writeback:             0 kB
AnonPages:        582740 kB
Mapped:           185972 kB
Shmem:             13868 kB
Slab:              26588 kB
SReclaimable:      15472 kB
SUnreclaim:        11116 kB
KernelStack:        2544 kB
PageTables:         6560 kB
NFS_Unstable:          0 kB
Bounce:                0 kB
WritebackTmp:          0 kB
CommitLimit:     5004868 kB
Committed_AS:    2168936 kB
VmallocTotal:     122880 kB
VmallocUsed:           0 kB
VmallocChunk:          0 kB
AnonHugePages:    251904 kB
CmaTotal:              0 kB
CmaFree:               0 kB
HugePages_Total:       0
HugePages_Free:        0
HugePages_Rsvd:        0
HugePages_Surp:        0
Hugepagesize:       2048 kB
DirectMap4k:       18424 kB
DirectMap2M:      894976 kB


CPU:total 1 (1 cores per cpu, 1 threads per core) family 6 model 61 stepping 4, cmov, cx8, fxsr, mmx, sse, sse2, sse3, ssse3, sse4.1, sse4.2, popcnt, avx, aes, clmul, 3dnowpref, lzcnt, tsc, tscinvbit

CPU Model and flags from /proc/cpuinfo:
model name	: Intel(R) Core(TM) i3-5005U CPU @ 2.00GHz
flags		: fpu vme de pse tsc msr pae mce cx8 apic sep mtrr pge mca cmov pat pse36 clflush mmx fxsr sse sse2 nx rdtscp constant_tsc xtopology nonstop_tsc pni pclmulqdq monitor ssse3 cx16 sse4_1 sse4_2 movbe popcnt aes xsave avx rdrand hypervisor lahf_lm abm 3dnowprefetch rdseed

Memory: 4k page, physical 3763344k(2662340k free), swap 3123196k(3123196k free)

vm_info: OpenJDK Client VM (9-internal+0-2016-04-14-195526.buildd.src) for linux-x86 JRE (9-internal+0-2016-04-14-195526.buildd.src), built on Apr 14 2016 20:25:55 by "buildd" with gcc 5.3.1 20160413

END.
